#
# There is insufficient memory for the Java Runtime Environment to continue.
# Native memory allocation (mmap) failed to map 268435456 bytes for G1 virtual space
# Possible reasons:
#   The system is out of physical RAM or swap space
#   The process is running with CompressedOops enabled, and the Java Heap may be blocking the growth of the native heap
# Possible solutions:
#   Reduce memory load on the system
#   Increase physical memory or swap space
#   Check if swap backing store is full
#   Decrease Java heap size (-Xmx/-Xms)
#   Decrease number of Java threads
#   Decrease Java thread stack sizes (-Xss)
#   Set larger code cache with -XX:ReservedCodeCacheSize=
#   JVM is running with Zero Based Compressed Oops mode in which the Java heap is
#     placed in the first 32GB address space. The Java Heap base address is the
#     maximum limit for the native heap growth. Please use -XX:HeapBaseMinAddress
#     to set the Java Heap base and to place the Java Heap above 32GB virtual address.
# This output file may be truncated or incomplete.
#
#  Out of Memory Error (os_windows.cpp:3600), pid=10200, tid=13024
#
# JRE version:  (21.0.4+8) (build )
# Java VM: Java HotSpot(TM) 64-Bit Server VM (21.0.4+8-LTS-274, mixed mode, sharing, tiered, compressed oops, compressed class ptrs, g1 gc, windows-amd64)
# No core dump will be written. Minidumps are not enabled by default on client versions of Windows
#

---------------  S U M M A R Y ------------

Command Line: -Dfile.encoding=UTF-8 -Dstdout.encoding=UTF-8 -Dstderr.encoding=UTF-8 --module-path=C:\Users\villalba.macri24_tri\Desktop\1_DAM\Programación\Workspace\PruebasProyecto\bin -XX:+ShowCodeDetailsInExceptionMessages -Djdk.module.main=PruebasProyecto PruebasProyecto/principal.Principal

Host: Intel(R) Core(TM) i5-7500 CPU @ 3.40GHz, 4 cores, 15G,  Windows 10 , 64 bit Build 19041 (10.0.19041.5198)
Time: Mon Dec 16 09:54:28 2024 Hora estándar romance elapsed time: 0.016212 seconds (0d 0h 0m 0s)

---------------  T H R E A D  ---------------

Current thread (0x000002d82e626870):  JavaThread "Unknown thread" [_thread_in_vm, id=13024, stack(0x000000db02600000,0x000000db02700000) (1024K)]

Stack: [0x000000db02600000,0x000000db02700000]
Native frames: (J=compiled Java code, j=interpreted, Vv=VM code, C=native code)
V  [jvm.dll+0x6c8e59]
V  [jvm.dll+0x853181]
V  [jvm.dll+0x8556ae]
V  [jvm.dll+0x855d83]
V  [jvm.dll+0x27d526]
V  [jvm.dll+0x6c55f5]
V  [jvm.dll+0x6ba17a]
V  [jvm.dll+0x352a8a]
V  [jvm.dll+0x35a6e6]
V  [jvm.dll+0x3acdae]
V  [jvm.dll+0x3ad058]
V  [jvm.dll+0x326dec]
V  [jvm.dll+0x32794b]
V  [jvm.dll+0x81c569]
V  [jvm.dll+0x3b9a11]
V  [jvm.dll+0x805948]
V  [jvm.dll+0x44ec5e]
V  [jvm.dll+0x450851]
C  [jli.dll+0x52a3]
C  [ucrtbase.dll+0x21bb2]
C  [KERNEL32.DLL+0x17374]
C  [ntdll.dll+0x4cc91]


---------------  P R O C E S S  ---------------

Threads class SMR info:
_java_thread_list=0x00007ffe91176c08, length=0, elements={
}

Java Threads: ( => current thread )
Total: 0

Other Threads:
  0x000002d83084e9e0 WorkerThread "GC Thread#0"                     [id=19312, stack(0x000000db02700000,0x000000db02800000) (1024K)]
  0x000002d830862610 ConcurrentGCThread "G1 Main Marker"            [id=19384, stack(0x000000db02800000,0x000000db02900000) (1024K)]
  0x000002d830862f20 WorkerThread "G1 Conc#0"                       [id=19300, stack(0x000000db02900000,0x000000db02a00000) (1024K)]

[error occurred during error reporting (printing all threads), id 0xc0000005, EXCEPTION_ACCESS_VIOLATION (0xc0000005) at pc=0x00007ffe908e9577]
VM state: not at safepoint (not fully initialized)

VM Mutex/Monitor currently owned by a thread:  ([mutex/lock_event])
[0x00007ffe911e7f98] Heap_lock - owner thread: 0x000002d82e626870

Heap address: 0x0000000701e00000, size: 4066 MB, Compressed Oops mode: Zero based, Oop shift amount: 3

CDS archive(s) mapped at: [0x0000000000000000-0x0000000000000000-0x0000000000000000), size 0, SharedBaseAddress: 0x0000000800000000, ArchiveRelocationMode: 1.
Narrow klass base: 0x0000000000000000, Narrow klass shift: 0, Narrow klass range: 0x0

GC Precious Log:
 CardTable entry size: 512
 Card Set container configuration: InlinePtr #cards 4 size 8 Array Of Cards #cards 16 size 48 Howl #buckets 8 coarsen threshold 3686 Howl Bitmap #cards 512 size 80 coarsen threshold 460 Card regions per heap region 1 cards per card region 4096

Heap:
 garbage-first heap   total 0K, used 0K [0x0000000701e00000, 0x0000000800000000)
  region size 2048K, 0 young (0K), 0 survivors (0K)

[error occurred during error reporting (printing heap information), id 0xc0000005, EXCEPTION_ACCESS_VIOLATION (0xc0000005) at pc=0x00007ffe90cd1df9]
GC Heap History (0 events):
No events

Dll operation events (1 events):
Event: 0.008 Loaded shared library C:\Program Files\Java\jdk-21\bin\java.dll

Deoptimization events (0 events):
No events

Classes loaded (0 events):
No events

Classes unloaded (0 events):
No events

Classes redefined (0 events):
No events

Internal exceptions (0 events):
No events

ZGC Phase Switch (0 events):
No events

VM Operations (0 events):
No events

Events (0 events):
No events


Dynamic libraries:
0x00007ff7a1e00000 - 0x00007ff7a1e10000 	C:\Program Files\Java\jdk-21\bin\javaw.exe
0x00007ffec5e50000 - 0x00007ffec6048000 	C:\Windows\SYSTEM32\ntdll.dll
0x00007ffec48a0000 - 0x00007ffec4962000 	C:\Windows\System32\KERNEL32.DLL
0x00007ffec3750000 - 0x00007ffec3a4e000 	C:\Windows\System32\KERNELBASE.dll
0x00007ffec3aa0000 - 0x00007ffec3ba0000 	C:\Windows\System32\ucrtbase.dll
0x00007ffebc380000 - 0x00007ffebc399000 	C:\Program Files\Java\jdk-21\bin\jli.dll
0x00007ffec5330000 - 0x00007ffec53e1000 	C:\Windows\System32\ADVAPI32.dll
0x00007ffec4800000 - 0x00007ffec489e000 	C:\Windows\System32\msvcrt.dll
0x00007ffec4760000 - 0x00007ffec47ff000 	C:\Windows\System32\sechost.dll
0x00007ffec5670000 - 0x00007ffec5793000 	C:\Windows\System32\RPCRT4.dll
0x00007ffec3e40000 - 0x00007ffec3e67000 	C:\Windows\System32\bcrypt.dll
0x00007ffec3e70000 - 0x00007ffec400d000 	C:\Windows\System32\USER32.dll
0x00007ffec3e10000 - 0x00007ffec3e32000 	C:\Windows\System32\win32u.dll
0x00007ffec54f0000 - 0x00007ffec551b000 	C:\Windows\System32\GDI32.dll
0x00007ffec3c40000 - 0x00007ffec3d57000 	C:\Windows\System32\gdi32full.dll
0x00007ffec3ba0000 - 0x00007ffec3c3d000 	C:\Windows\System32\msvcp_win.dll
0x00007ffebc3a0000 - 0x00007ffebc3bb000 	C:\Program Files\Java\jdk-21\bin\VCRUNTIME140.dll
0x00007ffea81c0000 - 0x00007ffea845a000 	C:\Windows\WinSxS\amd64_microsoft.windows.common-controls_6595b64144ccf1df_6.0.19041.4355_none_60b8b9eb71f62e16\COMCTL32.dll
0x00007ffebe320000 - 0x00007ffebe32a000 	C:\Windows\SYSTEM32\VERSION.dll
0x00007ffec5640000 - 0x00007ffec566f000 	C:\Windows\System32\IMM32.DLL
0x00007ffec0b60000 - 0x00007ffec0b6c000 	C:\Program Files\Java\jdk-21\bin\vcruntime140_1.dll
0x00007ffe912d0000 - 0x00007ffe9135e000 	C:\Program Files\Java\jdk-21\bin\msvcp140.dll
0x00007ffe905b0000 - 0x00007ffe912c3000 	C:\Program Files\Java\jdk-21\bin\server\jvm.dll
0x00007ffec4560000 - 0x00007ffec45cb000 	C:\Windows\System32\WS2_32.dll
0x00007ffec32a0000 - 0x00007ffec32eb000 	C:\Windows\SYSTEM32\POWRPROF.dll
0x00007ffeb5040000 - 0x00007ffeb5067000 	C:\Windows\SYSTEM32\WINMM.dll
0x00007ffec3280000 - 0x00007ffec3292000 	C:\Windows\SYSTEM32\UMPDC.dll
0x00007ffec1390000 - 0x00007ffec13a2000 	C:\Windows\SYSTEM32\kernel.appcore.dll
0x00007ffe97e20000 - 0x00007ffe97e2a000 	C:\Program Files\Java\jdk-21\bin\jimage.dll
0x00007ffeb5070000 - 0x00007ffeb5254000 	C:\Windows\SYSTEM32\DBGHELP.DLL
0x00007ffea9d00000 - 0x00007ffea9d34000 	C:\Windows\SYSTEM32\dbgcore.DLL
0x00007ffec3650000 - 0x00007ffec36d2000 	C:\Windows\System32\bcryptPrimitives.dll
0x00007ffe97e00000 - 0x00007ffe97e1f000 	C:\Program Files\Java\jdk-21\bin\java.dll

dbghelp: loaded successfully - version: 4.0.5 - missing functions: none
symbol engine: initialized successfully - sym options: 0x614 - pdb path: .;C:\Program Files\Java\jdk-21\bin;C:\Windows\SYSTEM32;C:\Windows\WinSxS\amd64_microsoft.windows.common-controls_6595b64144ccf1df_6.0.19041.4355_none_60b8b9eb71f62e16;C:\Program Files\Java\jdk-21\bin\server

VM Arguments:
jvm_args: -Dfile.encoding=UTF-8 -Dstdout.encoding=UTF-8 -Dstderr.encoding=UTF-8 --module-path=C:\Users\villalba.macri24_tri\Desktop\1_DAM\Programación\Workspace\PruebasProyecto\bin -XX:+ShowCodeDetailsInExceptionMessages -Djdk.module.main=PruebasProyecto 
java_command: PruebasProyecto/principal.Principal
java_class_path (initial): <not set>
Launcher Type: SUN_STANDARD

[Global flags]
     intx CICompilerCount                          = 3                                         {product} {ergonomic}
     uint ConcGCThreads                            = 1                                         {product} {ergonomic}
     uint G1ConcRefinementThreads                  = 4                                         {product} {ergonomic}
   size_t G1HeapRegionSize                         = 2097152                                   {product} {ergonomic}
    uintx GCDrainStackTargetSize                   = 64                                        {product} {ergonomic}
   size_t InitialHeapSize                          = 268435456                                 {product} {ergonomic}
   size_t MarkStackSize                            = 4194304                                   {product} {ergonomic}
   size_t MaxHeapSize                              = 4263510016                                {product} {ergonomic}
   size_t MinHeapDeltaBytes                        = 2097152                                   {product} {ergonomic}
   size_t MinHeapSize                              = 8388608                                   {product} {ergonomic}
    uintx NonNMethodCodeHeapSize                   = 5832780                                {pd product} {ergonomic}
    uintx NonProfiledCodeHeapSize                  = 122912730                              {pd product} {ergonomic}
    uintx ProfiledCodeHeapSize                     = 122912730                              {pd product} {ergonomic}
    uintx ReservedCodeCacheSize                    = 251658240                              {pd product} {ergonomic}
     bool SegmentedCodeCache                       = true                                      {product} {ergonomic}
     bool ShowCodeDetailsInExceptionMessages       = true                                   {manageable} {command line}
   size_t SoftMaxHeapSize                          = 4263510016                             {manageable} {ergonomic}
     bool UseCompressedOops                        = true                           {product lp64_product} {ergonomic}
     bool UseG1GC                                  = true                                      {product} {ergonomic}
     bool UseLargePagesIndividualAllocation        = false                                  {pd product} {ergonomic}

Logging:
Log output configuration:
 #0: stdout all=warning uptime,level,tags foldmultilines=false
 #1: stderr all=off uptime,level,tags foldmultilines=false

Environment Variables:
PATH=C:\Program Files\Common Files\Oracle\Java\javapath;C:\Windows\system32;C:\Windows;C:\Windows\System32\Wbem;C:\Windows\System32\WindowsPowerShell\v1.0\;C:\Windows\System32\OpenSSH\;C:\Users\villalba.macri24_tri\AppData\Local\Microsoft\WindowsApps;C:\Users\villalba.macri24_tri\AppData\Local\Programs\Microsoft VS Code\bin
USERNAME=villalba.macri24_tri
OS=Windows_NT
PROCESSOR_IDENTIFIER=Intel64 Family 6 Model 158 Stepping 9, GenuineIntel
TMP=C:\Users\VILLAL~1.MAC\AppData\Local\Temp
TEMP=C:\Users\VILLAL~1.MAC\AppData\Local\Temp




Periodic native trim disabled

---------------  S Y S T E M  ---------------

OS:
 Windows 10 , 64 bit Build 19041 (10.0.19041.5198)
OS uptime: 0 days 1:38 hours

CPU: total 4 (initial active 4) (4 cores per cpu, 1 threads per core) family 6 model 158 stepping 9 microcode 0xea, cx8, cmov, fxsr, mmx, 3dnowpref, sse, sse2, sse3, ssse3, sse4.1, sse4.2, popcnt, lzcnt, tsc, tscinvbit, avx, avx2, aes, erms, clmul, bmi1, bmi2, rtm, adx, fma, vzeroupper, clflush, clflushopt, rdtscp, f16c
Processor Information for all 4 processors :
  Max Mhz: 3408, Current Mhz: 3408, Mhz Limit: 3408

Memory: 4k page, system-wide physical 16259M (8162M free)
TotalPageFile size 46624M (AvailPageFile size 98M)
current process WorkingSet (physical memory assigned to process): 10M, peak: 10M
current process commit charge ("private bytes"): 52M, peak: 307M

vm_info: Java HotSpot(TM) 64-Bit Server VM (21.0.4+8-LTS-274) for windows-amd64 JRE (21.0.4+8-LTS-274), built on 2024-06-05T05:23:33Z by "mach5one" with MS VC++ 17.6 (VS2022)

END.
