#
# There is insufficient memory for the Java Runtime Environment to continue.
# Native memory allocation (malloc) failed to allocate 1048576 bytes for AllocateHeap
# Possible reasons:
#   The system is out of physical RAM or swap space
#   The process is running with CompressedOops enabled, and the Java Heap may be blocking the growth of the native heap
# Possible solutions:
#   Reduce memory load on the system
#   Increase physical memory or swap space
#   Check if swap backing store is full
#   Decrease Java heap size (-Xmx/-Xms)
#   Decrease number of Java threads
#   Decrease Java thread stack sizes (-Xss)
#   Set larger code cache with -XX:ReservedCodeCacheSize=
#   JVM is running with Unscaled Compressed Oops mode in which the Java heap is
#     placed in the first 4GB address space. The Java Heap base address is the
#     maximum limit for the native heap growth. Please use -XX:HeapBaseMinAddress
#     to set the Java Heap base and to place the Java Heap above 4GB virtual address.
# This output file may be truncated or incomplete.
#
#  Out of Memory Error (allocation.cpp:44), pid=13000, tid=15984
#
# JRE version:  (21.0.4+8) (build )
# Java VM: Java HotSpot(TM) 64-Bit Server VM (21.0.4+8-LTS-274, mixed mode, sharing, tiered, compressed oops, compressed class ptrs, g1 gc, windows-amd64)
# No core dump will be written. Minidumps are not enabled by default on client versions of Windows
#

---------------  S U M M A R Y ------------

Command Line: -Dfile.encoding=UTF-8 -Dstdout.encoding=UTF-8 -Dstderr.encoding=UTF-8 --module-path=C:\Users\Alumno\eclipse-workspace\PruebasProyectoJuego\bin -XX:+ShowCodeDetailsInExceptionMessages -Djdk.module.main=PruebasProyectoJuego PruebasProyectoJuego/principal.Principal

Host: Intel(R) Core(TM) i5-7500 CPU @ 3.40GHz, 4 cores, 15G,  Windows 10 , 64 bit Build 19041 (10.0.19041.5072)
Time: Wed Dec 11 09:42:22 2024 Hora estándar romance elapsed time: 0.019237 seconds (0d 0h 0m 0s)

---------------  T H R E A D  ---------------

Current thread (0x00000281bf15cdd0):  JavaThread "Unknown thread" [_thread_in_vm, id=15984, stack(0x000000b58b800000,0x000000b58b900000) (1024K)]

Stack: [0x000000b58b800000,0x000000b58b900000]
Native frames: (J=compiled Java code, j=interpreted, Vv=VM code, C=native code)
V  [jvm.dll+0x6c8e59]
V  [jvm.dll+0x853181]
V  [jvm.dll+0x8556ae]
V  [jvm.dll+0x855d83]
V  [jvm.dll+0x27d526]
V  [jvm.dll+0xbf657]
V  [jvm.dll+0x324c55]
V  [jvm.dll+0x81c52d]
V  [jvm.dll+0x3b9a11]
V  [jvm.dll+0x805948]
V  [jvm.dll+0x44ec5e]
V  [jvm.dll+0x450851]
C  [jli.dll+0x52a3]
C  [ucrtbase.dll+0x21bb2]
C  [KERNEL32.DLL+0x17374]
C  [ntdll.dll+0x4cc91]


---------------  P R O C E S S  ---------------

Threads class SMR info:
_java_thread_list=0x00007ffc2c7e6c08, length=0, elements={
}

Java Threads: ( => current thread )
Total: 0

Other Threads:

=>0x00000281bf15cdd0 (exited) JavaThread "Unknown thread"    [_thread_in_vm, id=15984, stack(0x000000b58b800000,0x000000b58b900000) (1024K)]
Total: 1

Threads with active compile tasks:
Total: 0

VM state: not at safepoint (not fully initialized)

VM Mutex/Monitor currently owned by a thread: None

Heap address: 0x0000000000000000, size: 0 MB, Compressed Oops mode: 32-bit

CDS archive(s) mapped at: [0x0000000000000000-0x0000000000000000-0x0000000000000000), size 0, SharedBaseAddress: 0x0000000800000000, ArchiveRelocationMode: 1.
Narrow klass base: 0x0000000000000000, Narrow klass shift: 0, Narrow klass range: 0x0

GC Precious Log:
 CardTable entry size: 512
 Card Set container configuration: InlinePtr #cards 4 size 8 Array Of Cards #cards 16 size 48 Howl #buckets 8 coarsen threshold 3686 Howl Bitmap #cards 512 size 80 coarsen threshold 460 Card regions per heap region 1 cards per card region 4096

GC Heap History (0 events):
No events

Dll operation events (1 events):
Event: 0.008 Loaded shared library C:\Program Files\Java\jdk-21\bin\java.dll

Deoptimization events (0 events):
No events

Classes loaded (0 events):
No events

Classes unloaded (0 events):
No events

Classes redefined (0 events):
No events

Internal exceptions (0 events):
No events

ZGC Phase Switch (0 events):
No events

VM Operations (0 events):
No events

Events (0 events):
No events


Dynamic libraries:
0x00007ff64f0a0000 - 0x00007ff64f0b0000 	C:\Program Files\Java\jdk-21\bin\javaw.exe
0x00007ffc764b0000 - 0x00007ffc766a8000 	C:\Windows\SYSTEM32\ntdll.dll
0x00007ffc754e0000 - 0x00007ffc755a2000 	C:\Windows\System32\KERNEL32.DLL
0x00007ffc73bf0000 - 0x00007ffc73eee000 	C:\Windows\System32\KERNELBASE.dll
0x00007ffc73fa0000 - 0x00007ffc740a0000 	C:\Windows\System32\ucrtbase.dll
0x00007ffc66ac0000 - 0x00007ffc66ad9000 	C:\Program Files\Java\jdk-21\bin\jli.dll
0x00007ffc75620000 - 0x00007ffc756d1000 	C:\Windows\System32\ADVAPI32.dll
0x00007ffc74b90000 - 0x00007ffc74c2e000 	C:\Windows\System32\msvcrt.dll
0x00007ffc758a0000 - 0x00007ffc7593f000 	C:\Windows\System32\sechost.dll
0x00007ffc753b0000 - 0x00007ffc754d3000 	C:\Windows\System32\RPCRT4.dll
0x00007ffc740f0000 - 0x00007ffc74117000 	C:\Windows\System32\bcrypt.dll
0x00007ffc75700000 - 0x00007ffc7589d000 	C:\Windows\System32\USER32.dll
0x00007ffc73b50000 - 0x00007ffc73b72000 	C:\Windows\System32\win32u.dll
0x00007ffc74b40000 - 0x00007ffc74b6b000 	C:\Windows\System32\GDI32.dll
0x00007ffc743b0000 - 0x00007ffc744c7000 	C:\Windows\System32\gdi32full.dll
0x00007ffc74310000 - 0x00007ffc743ad000 	C:\Windows\System32\msvcp_win.dll
0x00007ffc66aa0000 - 0x00007ffc66abb000 	C:\Program Files\Java\jdk-21\bin\VCRUNTIME140.dll
0x00007ffc5f9b0000 - 0x00007ffc5fc4a000 	C:\Windows\WinSxS\amd64_microsoft.windows.common-controls_6595b64144ccf1df_6.0.19041.4355_none_60b8b9eb71f62e16\COMCTL32.dll
0x00007ffc6ebe0000 - 0x00007ffc6ebea000 	C:\Windows\SYSTEM32\VERSION.dll
0x00007ffc76390000 - 0x00007ffc763bf000 	C:\Windows\System32\IMM32.DLL
0x00007ffc70bc0000 - 0x00007ffc70bcc000 	C:\Program Files\Java\jdk-21\bin\vcruntime140_1.dll
0x00007ffc58840000 - 0x00007ffc588ce000 	C:\Program Files\Java\jdk-21\bin\msvcp140.dll
0x00007ffc2bc20000 - 0x00007ffc2c933000 	C:\Program Files\Java\jdk-21\bin\server\jvm.dll
0x00007ffc755b0000 - 0x00007ffc7561b000 	C:\Windows\System32\WS2_32.dll
0x00007ffc739b0000 - 0x00007ffc739fb000 	C:\Windows\SYSTEM32\POWRPROF.dll
0x00007ffc64dc0000 - 0x00007ffc64de7000 	C:\Windows\SYSTEM32\WINMM.dll
0x00007ffc738e0000 - 0x00007ffc738f2000 	C:\Windows\SYSTEM32\UMPDC.dll
0x00007ffc719f0000 - 0x00007ffc71a02000 	C:\Windows\SYSTEM32\kernel.appcore.dll
0x00007ffc70b50000 - 0x00007ffc70b5a000 	C:\Program Files\Java\jdk-21\bin\jimage.dll
0x00007ffc64e70000 - 0x00007ffc65054000 	C:\Windows\SYSTEM32\DBGHELP.DLL
0x00007ffc64e30000 - 0x00007ffc64e64000 	C:\Windows\SYSTEM32\dbgcore.DLL
0x00007ffc74280000 - 0x00007ffc74302000 	C:\Windows\System32\bcryptPrimitives.dll
0x00007ffc591e0000 - 0x00007ffc591ff000 	C:\Program Files\Java\jdk-21\bin\java.dll

dbghelp: loaded successfully - version: 4.0.5 - missing functions: none
symbol engine: initialized successfully - sym options: 0x614 - pdb path: .;C:\Program Files\Java\jdk-21\bin;C:\Windows\SYSTEM32;C:\Windows\WinSxS\amd64_microsoft.windows.common-controls_6595b64144ccf1df_6.0.19041.4355_none_60b8b9eb71f62e16;C:\Program Files\Java\jdk-21\bin\server

VM Arguments:
jvm_args: -Dfile.encoding=UTF-8 -Dstdout.encoding=UTF-8 -Dstderr.encoding=UTF-8 --module-path=C:\Users\Alumno\eclipse-workspace\PruebasProyectoJuego\bin -XX:+ShowCodeDetailsInExceptionMessages -Djdk.module.main=PruebasProyectoJuego 
java_command: PruebasProyectoJuego/principal.Principal
java_class_path (initial): <not set>
Launcher Type: SUN_STANDARD

[Global flags]
     intx CICompilerCount                          = 3                                         {product} {ergonomic}
     uint ConcGCThreads                            = 1                                         {product} {ergonomic}
     uint G1ConcRefinementThreads                  = 4                                         {product} {ergonomic}
   size_t G1HeapRegionSize                         = 2097152                                   {product} {ergonomic}
    uintx GCDrainStackTargetSize                   = 64                                        {product} {ergonomic}
   size_t InitialHeapSize                          = 268435456                                 {product} {ergonomic}
   size_t MarkStackSize                            = 4194304                                   {product} {ergonomic}
   size_t MaxHeapSize                              = 4263510016                                {product} {ergonomic}
   size_t MinHeapDeltaBytes                        = 2097152                                   {product} {ergonomic}
   size_t MinHeapSize                              = 8388608                                   {product} {ergonomic}
    uintx NonNMethodCodeHeapSize                   = 5832780                                {pd product} {ergonomic}
    uintx NonProfiledCodeHeapSize                  = 122912730                              {pd product} {ergonomic}
    uintx ProfiledCodeHeapSize                     = 122912730                              {pd product} {ergonomic}
    uintx ReservedCodeCacheSize                    = 251658240                              {pd product} {ergonomic}
     bool SegmentedCodeCache                       = true                                      {product} {ergonomic}
     bool ShowCodeDetailsInExceptionMessages       = true                                   {manageable} {command line}
   size_t SoftMaxHeapSize                          = 4263510016                             {manageable} {ergonomic}
     bool UseCompressedOops                        = true                           {product lp64_product} {ergonomic}
     bool UseG1GC                                  = true                                      {product} {ergonomic}
     bool UseLargePagesIndividualAllocation        = false                                  {pd product} {ergonomic}

Logging:
Log output configuration:
 #0: stdout all=warning uptime,level,tags foldmultilines=false
 #1: stderr all=off uptime,level,tags foldmultilines=false

Environment Variables:
PATH=C:\Program Files\Common Files\Oracle\Java\javapath;C:\Windows\system32;C:\Windows;C:\Windows\System32\Wbem;C:\Windows\System32\WindowsPowerShell\v1.0\;C:\Windows\System32\OpenSSH\;C:\Users\Alumno\AppData\Local\Microsoft\WindowsApps;C:\Users\Alumno\AppData\Local\Programs\Microsoft VS Code\bin
USERNAME=Alumno
OS=Windows_NT
PROCESSOR_IDENTIFIER=Intel64 Family 6 Model 158 Stepping 9, GenuineIntel
TMP=C:\Users\Alumno\AppData\Local\Temp
TEMP=C:\Users\Alumno\AppData\Local\Temp




Periodic native trim disabled

---------------  S Y S T E M  ---------------

OS:
 Windows 10 , 64 bit Build 19041 (10.0.19041.5072)
OS uptime: 0 days 1:30 hours

CPU: total 4 (initial active 4) (4 cores per cpu, 1 threads per core) family 6 model 158 stepping 9 microcode 0xf0, cx8, cmov, fxsr, mmx, 3dnowpref, sse, sse2, sse3, ssse3, sse4.1, sse4.2, popcnt, lzcnt, tsc, tscinvbit, avx, avx2, aes, erms, clmul, bmi1, bmi2, rtm, adx, fma, vzeroupper, clflush, clflushopt, rdtscp, f16c
Processor Information for all 4 processors :
  Max Mhz: 3408, Current Mhz: 3408, Mhz Limit: 3408

Memory: 4k page, system-wide physical 16259M (8453M free)
TotalPageFile size 46702M (AvailPageFile size 5M)
current process WorkingSet (physical memory assigned to process): 9M, peak: 9M
current process commit charge ("private bytes"): 13M, peak: 13M

vm_info: Java HotSpot(TM) 64-Bit Server VM (21.0.4+8-LTS-274) for windows-amd64 JRE (21.0.4+8-LTS-274), built on 2024-06-05T05:23:33Z by "mach5one" with MS VC++ 17.6 (VS2022)

END.
